{"__type":"$$EventMessageWorkflow","id":"45724cde-75d9-4298-8f76-a5d7acf7db06","ts":"2025-09-15T19:11:47.410-04:00","eventName":"n8n.workflow.started","message":"n8n.workflow.started","payload":{"executionId":"562","workflowId":"FIZaLDdavjlPVhAA","isManual":false,"workflowName":"v1"}}
{"__type":"$$EventMessageConfirm","confirm":"45724cde-75d9-4298-8f76-a5d7acf7db06","ts":"2025-09-15T19:11:47.411-04:00","source":{"id":"0","name":"eventBus"}}
{"__type":"$$EventMessageNode","id":"f5ff2cb3-f4e2-4233-8dd0-573eb955f8e2","ts":"2025-09-15T19:11:47.412-04:00","eventName":"n8n.node.started","message":"n8n.node.started","payload":{"workflowId":"FIZaLDdavjlPVhAA","workflowName":"v1","executionId":"562","nodeType":"n8n-nodes-base.webhook","nodeName":"Webhook","nodeId":"9b1233bc-11a0-4f12-8222-9e078c62864e"}}
{"__type":"$$EventMessageConfirm","confirm":"f5ff2cb3-f4e2-4233-8dd0-573eb955f8e2","ts":"2025-09-15T19:11:47.412-04:00","source":{"id":"0","name":"eventBus"}}
{"__type":"$$EventMessageNode","id":"ec144ee9-dc49-4569-8676-0156431322cd","ts":"2025-09-15T19:11:47.413-04:00","eventName":"n8n.node.finished","message":"n8n.node.finished","payload":{"workflowId":"FIZaLDdavjlPVhAA","workflowName":"v1","executionId":"562","nodeType":"n8n-nodes-base.webhook","nodeName":"Webhook","nodeId":"9b1233bc-11a0-4f12-8222-9e078c62864e"}}
{"__type":"$$EventMessageConfirm","confirm":"ec144ee9-dc49-4569-8676-0156431322cd","ts":"2025-09-15T19:11:47.413-04:00","source":{"id":"0","name":"eventBus"}}
{"__type":"$$EventMessageNode","id":"9320b11e-6b0e-4e58-aeb3-9ea59fa54b1d","ts":"2025-09-15T19:11:47.414-04:00","eventName":"n8n.node.started","message":"n8n.node.started","payload":{"workflowId":"FIZaLDdavjlPVhAA","workflowName":"v1","executionId":"562","nodeType":"n8n-nodes-base.code","nodeName":"request","nodeId":"6d785ddf-ed34-4474-aea1-7462a702964a"}}
{"__type":"$$EventMessageConfirm","confirm":"9320b11e-6b0e-4e58-aeb3-9ea59fa54b1d","ts":"2025-09-15T19:11:47.414-04:00","source":{"id":"0","name":"eventBus"}}
{"__type":"$$EventMessageRunner","id":"c32d3029-6734-4ff2-a948-62fa35276037","ts":"2025-09-15T19:11:47.417-04:00","eventName":"n8n.runner.task.requested","message":"n8n.runner.task.requested","payload":{"taskId":"S2Z-1B1B","nodeId":"6d785ddf-ed34-4474-aea1-7462a702964a","workflowId":"FIZaLDdavjlPVhAA","executionId":"562"}}
{"__type":"$$EventMessageConfirm","confirm":"c32d3029-6734-4ff2-a948-62fa35276037","ts":"2025-09-15T19:11:47.417-04:00","source":{"id":"0","name":"eventBus"}}
{"__type":"$$EventMessageRunner","id":"08afc900-1546-4da0-b6e7-283032634486","ts":"2025-09-15T19:11:47.446-04:00","eventName":"n8n.runner.response.received","message":"n8n.runner.response.received","payload":{"taskId":"S2Z-1B1B","nodeId":"6d785ddf-ed34-4474-aea1-7462a702964a","workflowId":"FIZaLDdavjlPVhAA","executionId":"562"}}
{"__type":"$$EventMessageConfirm","confirm":"08afc900-1546-4da0-b6e7-283032634486","ts":"2025-09-15T19:11:47.447-04:00","source":{"id":"0","name":"eventBus"}}
{"__type":"$$EventMessageNode","id":"0811f2ef-d1fe-4f4e-91ec-c4865b9c1622","ts":"2025-09-15T19:11:47.447-04:00","eventName":"n8n.node.finished","message":"n8n.node.finished","payload":{"workflowId":"FIZaLDdavjlPVhAA","workflowName":"v1","executionId":"562","nodeType":"n8n-nodes-base.code","nodeName":"request","nodeId":"6d785ddf-ed34-4474-aea1-7462a702964a"}}
{"__type":"$$EventMessageConfirm","confirm":"0811f2ef-d1fe-4f4e-91ec-c4865b9c1622","ts":"2025-09-15T19:11:47.447-04:00","source":{"id":"0","name":"eventBus"}}
{"__type":"$$EventMessageNode","id":"a29ce42d-82aa-42ca-8096-37ff5e554d62","ts":"2025-09-15T19:11:47.447-04:00","eventName":"n8n.node.started","message":"n8n.node.started","payload":{"workflowId":"FIZaLDdavjlPVhAA","workflowName":"v1","executionId":"562","nodeType":"n8n-nodes-base.switch","nodeName":"Switch","nodeId":"120371d5-1290-4406-88f5-9cbbeeb19947"}}
{"__type":"$$EventMessageConfirm","confirm":"a29ce42d-82aa-42ca-8096-37ff5e554d62","ts":"2025-09-15T19:11:47.447-04:00","source":{"id":"0","name":"eventBus"}}
{"__type":"$$EventMessageNode","id":"8ac66a64-16f2-4041-9f48-469729866e10","ts":"2025-09-15T19:11:47.461-04:00","eventName":"n8n.node.finished","message":"n8n.node.finished","payload":{"workflowId":"FIZaLDdavjlPVhAA","workflowName":"v1","executionId":"562","nodeType":"n8n-nodes-base.switch","nodeName":"Switch","nodeId":"120371d5-1290-4406-88f5-9cbbeeb19947"}}
{"__type":"$$EventMessageConfirm","confirm":"8ac66a64-16f2-4041-9f48-469729866e10","ts":"2025-09-15T19:11:47.461-04:00","source":{"id":"0","name":"eventBus"}}
{"__type":"$$EventMessageNode","id":"a41ece85-c498-403a-9f3d-dd4c73197183","ts":"2025-09-15T19:11:47.461-04:00","eventName":"n8n.node.started","message":"n8n.node.started","payload":{"workflowId":"FIZaLDdavjlPVhAA","workflowName":"v1","executionId":"562","nodeType":"n8n-nodes-base.code","nodeName":"Encode project path","nodeId":"7383562a-7f72-42b6-aff8-9fa13cc25637"}}
{"__type":"$$EventMessageConfirm","confirm":"a41ece85-c498-403a-9f3d-dd4c73197183","ts":"2025-09-15T19:11:47.461-04:00","source":{"id":"0","name":"eventBus"}}
{"__type":"$$EventMessageRunner","id":"3467e11d-511f-4823-80b9-ad47b4216ec1","ts":"2025-09-15T19:11:47.462-04:00","eventName":"n8n.runner.task.requested","message":"n8n.runner.task.requested","payload":{"taskId":"bLQ9JIfD","nodeId":"7383562a-7f72-42b6-aff8-9fa13cc25637","workflowId":"FIZaLDdavjlPVhAA","executionId":"562"}}
{"__type":"$$EventMessageConfirm","confirm":"3467e11d-511f-4823-80b9-ad47b4216ec1","ts":"2025-09-15T19:11:47.462-04:00","source":{"id":"0","name":"eventBus"}}
{"__type":"$$EventMessageRunner","id":"a12bc07c-0a45-4bac-94b7-def0dd546d52","ts":"2025-09-15T19:11:47.466-04:00","eventName":"n8n.runner.response.received","message":"n8n.runner.response.received","payload":{"taskId":"bLQ9JIfD","nodeId":"7383562a-7f72-42b6-aff8-9fa13cc25637","workflowId":"FIZaLDdavjlPVhAA","executionId":"562"}}
{"__type":"$$EventMessageConfirm","confirm":"a12bc07c-0a45-4bac-94b7-def0dd546d52","ts":"2025-09-15T19:11:47.466-04:00","source":{"id":"0","name":"eventBus"}}
{"__type":"$$EventMessageNode","id":"2ee07d7d-229f-4f77-a6b9-40de82d399f1","ts":"2025-09-15T19:11:47.467-04:00","eventName":"n8n.node.finished","message":"n8n.node.finished","payload":{"workflowId":"FIZaLDdavjlPVhAA","workflowName":"v1","executionId":"562","nodeType":"n8n-nodes-base.code","nodeName":"Encode project path","nodeId":"7383562a-7f72-42b6-aff8-9fa13cc25637"}}
{"__type":"$$EventMessageConfirm","confirm":"2ee07d7d-229f-4f77-a6b9-40de82d399f1","ts":"2025-09-15T19:11:47.467-04:00","source":{"id":"0","name":"eventBus"}}
{"__type":"$$EventMessageNode","id":"f87ca876-706a-4fa8-a9f2-1822ae9fe5ac","ts":"2025-09-15T19:11:47.467-04:00","eventName":"n8n.node.started","message":"n8n.node.started","payload":{"workflowId":"FIZaLDdavjlPVhAA","workflowName":"v1","executionId":"562","nodeType":"n8n-nodes-base.httpRequest","nodeName":"Get changes from Gitlab","nodeId":"9a894afb-2b61-410f-af60-cfdd898468be"}}
{"__type":"$$EventMessageConfirm","confirm":"f87ca876-706a-4fa8-a9f2-1822ae9fe5ac","ts":"2025-09-15T19:11:47.467-04:00","source":{"id":"0","name":"eventBus"}}
{"__type":"$$EventMessageNode","id":"4b882f21-0623-499b-a1bb-fea1d683b0aa","ts":"2025-09-15T19:14:05.518-04:00","eventName":"n8n.node.finished","message":"n8n.node.finished","payload":{"workflowId":"FIZaLDdavjlPVhAA","workflowName":"v1","executionId":"562","nodeType":"n8n-nodes-base.httpRequest","nodeName":"Get changes from Gitlab","nodeId":"9a894afb-2b61-410f-af60-cfdd898468be"}}
{"__type":"$$EventMessageConfirm","confirm":"4b882f21-0623-499b-a1bb-fea1d683b0aa","ts":"2025-09-15T19:14:05.518-04:00","source":{"id":"0","name":"eventBus"}}
{"__type":"$$EventMessageNode","id":"74d9c61e-1922-4de8-9b41-af7d923f27ec","ts":"2025-09-15T19:14:05.518-04:00","eventName":"n8n.node.started","message":"n8n.node.started","payload":{"workflowId":"FIZaLDdavjlPVhAA","workflowName":"v1","executionId":"562","nodeType":"n8n-nodes-base.code","nodeName":"error","nodeId":"1976cb1f-9fa7-49a5-8027-8607e9649214"}}
{"__type":"$$EventMessageConfirm","confirm":"74d9c61e-1922-4de8-9b41-af7d923f27ec","ts":"2025-09-15T19:14:05.518-04:00","source":{"id":"0","name":"eventBus"}}
{"__type":"$$EventMessageRunner","id":"9049a23d-5ef4-484c-a139-d9aa0db1ca16","ts":"2025-09-15T19:14:05.519-04:00","eventName":"n8n.runner.task.requested","message":"n8n.runner.task.requested","payload":{"taskId":"v9RuIRDk","nodeId":"1976cb1f-9fa7-49a5-8027-8607e9649214","workflowId":"FIZaLDdavjlPVhAA","executionId":"562"}}
{"__type":"$$EventMessageConfirm","confirm":"9049a23d-5ef4-484c-a139-d9aa0db1ca16","ts":"2025-09-15T19:14:05.519-04:00","source":{"id":"0","name":"eventBus"}}
{"__type":"$$EventMessageRunner","id":"ce1c2a0e-7915-4a2d-84fa-8bc0be73ba01","ts":"2025-09-15T19:14:05.522-04:00","eventName":"n8n.runner.response.received","message":"n8n.runner.response.received","payload":{"taskId":"v9RuIRDk","nodeId":"1976cb1f-9fa7-49a5-8027-8607e9649214","workflowId":"FIZaLDdavjlPVhAA","executionId":"562"}}
{"__type":"$$EventMessageConfirm","confirm":"ce1c2a0e-7915-4a2d-84fa-8bc0be73ba01","ts":"2025-09-15T19:14:05.522-04:00","source":{"id":"0","name":"eventBus"}}
{"__type":"$$EventMessageNode","id":"601144d2-c0d2-4288-89ac-28aea1159fc2","ts":"2025-09-15T19:14:05.523-04:00","eventName":"n8n.node.finished","message":"n8n.node.finished","payload":{"workflowId":"FIZaLDdavjlPVhAA","workflowName":"v1","executionId":"562","nodeType":"n8n-nodes-base.code","nodeName":"error","nodeId":"1976cb1f-9fa7-49a5-8027-8607e9649214"}}
{"__type":"$$EventMessageConfirm","confirm":"601144d2-c0d2-4288-89ac-28aea1159fc2","ts":"2025-09-15T19:14:05.523-04:00","source":{"id":"0","name":"eventBus"}}
{"__type":"$$EventMessageNode","id":"d1967c13-ad6b-4258-af14-c31e788dea2c","ts":"2025-09-15T19:14:05.523-04:00","eventName":"n8n.node.started","message":"n8n.node.started","payload":{"workflowId":"FIZaLDdavjlPVhAA","workflowName":"v1","executionId":"562","nodeType":"n8n-nodes-base.code","nodeName":"Handle Response","nodeId":"9b4b1e49-5230-4f0f-81da-1ff0c40683cc"}}
{"__type":"$$EventMessageConfirm","confirm":"d1967c13-ad6b-4258-af14-c31e788dea2c","ts":"2025-09-15T19:14:05.523-04:00","source":{"id":"0","name":"eventBus"}}
{"__type":"$$EventMessageRunner","id":"8677923d-da9f-475d-bd63-4c504b05d9b1","ts":"2025-09-15T19:14:05.523-04:00","eventName":"n8n.runner.task.requested","message":"n8n.runner.task.requested","payload":{"taskId":"kV8BRnTh","nodeId":"9b4b1e49-5230-4f0f-81da-1ff0c40683cc","workflowId":"FIZaLDdavjlPVhAA","executionId":"562"}}
{"__type":"$$EventMessageConfirm","confirm":"8677923d-da9f-475d-bd63-4c504b05d9b1","ts":"2025-09-15T19:14:05.523-04:00","source":{"id":"0","name":"eventBus"}}
{"__type":"$$EventMessageRunner","id":"5b298ebc-a144-4848-a4be-6ca73f16dcea","ts":"2025-09-15T19:14:05.526-04:00","eventName":"n8n.runner.response.received","message":"n8n.runner.response.received","payload":{"taskId":"kV8BRnTh","nodeId":"9b4b1e49-5230-4f0f-81da-1ff0c40683cc","workflowId":"FIZaLDdavjlPVhAA","executionId":"562"}}
{"__type":"$$EventMessageConfirm","confirm":"5b298ebc-a144-4848-a4be-6ca73f16dcea","ts":"2025-09-15T19:14:05.526-04:00","source":{"id":"0","name":"eventBus"}}
{"__type":"$$EventMessageNode","id":"81f9536e-e35b-48d9-be72-e503f447a8b6","ts":"2025-09-15T19:14:05.526-04:00","eventName":"n8n.node.finished","message":"n8n.node.finished","payload":{"workflowId":"FIZaLDdavjlPVhAA","workflowName":"v1","executionId":"562","nodeType":"n8n-nodes-base.code","nodeName":"Handle Response","nodeId":"9b4b1e49-5230-4f0f-81da-1ff0c40683cc"}}
{"__type":"$$EventMessageConfirm","confirm":"81f9536e-e35b-48d9-be72-e503f447a8b6","ts":"2025-09-15T19:14:05.526-04:00","source":{"id":"0","name":"eventBus"}}
{"__type":"$$EventMessageNode","id":"f71fff89-6ae2-4121-9019-648d729338a9","ts":"2025-09-15T19:14:05.526-04:00","eventName":"n8n.node.started","message":"n8n.node.started","payload":{"workflowId":"FIZaLDdavjlPVhAA","workflowName":"v1","executionId":"562","nodeType":"n8n-nodes-base.respondToWebhook","nodeName":"Respond to Webhook","nodeId":"48e459ba-6c35-466c-b502-e969dbcb12dc"}}
{"__type":"$$EventMessageConfirm","confirm":"f71fff89-6ae2-4121-9019-648d729338a9","ts":"2025-09-15T19:14:05.526-04:00","source":{"id":"0","name":"eventBus"}}
{"__type":"$$EventMessageNode","id":"02e5ff3c-39c7-4c1b-bad5-51f18d0d481d","ts":"2025-09-15T19:14:05.535-04:00","eventName":"n8n.node.finished","message":"n8n.node.finished","payload":{"workflowId":"FIZaLDdavjlPVhAA","workflowName":"v1","executionId":"562","nodeType":"n8n-nodes-base.respondToWebhook","nodeName":"Respond to Webhook","nodeId":"48e459ba-6c35-466c-b502-e969dbcb12dc"}}
{"__type":"$$EventMessageConfirm","confirm":"02e5ff3c-39c7-4c1b-bad5-51f18d0d481d","ts":"2025-09-15T19:14:05.535-04:00","source":{"id":"0","name":"eventBus"}}
{"__type":"$$EventMessageNode","id":"c44b7676-3710-4427-8abf-aa7a92b61c2e","ts":"2025-09-15T19:14:05.537-04:00","eventName":"n8n.node.started","message":"n8n.node.started","payload":{"workflowId":"FIZaLDdavjlPVhAA","workflowName":"v1","executionId":"562","nodeType":"n8n-nodes-base.respondToWebhook","nodeName":"Respond to Webhook","nodeId":"48e459ba-6c35-466c-b502-e969dbcb12dc"}}
{"__type":"$$EventMessageConfirm","confirm":"c44b7676-3710-4427-8abf-aa7a92b61c2e","ts":"2025-09-15T19:14:05.537-04:00","source":{"id":"0","name":"eventBus"}}
{"__type":"$$EventMessageNode","id":"9536ed14-48fb-431a-bb10-62c9991414fe","ts":"2025-09-15T19:14:05.539-04:00","eventName":"n8n.node.finished","message":"n8n.node.finished","payload":{"workflowId":"FIZaLDdavjlPVhAA","workflowName":"v1","executionId":"562","nodeType":"n8n-nodes-base.respondToWebhook","nodeName":"Respond to Webhook","nodeId":"48e459ba-6c35-466c-b502-e969dbcb12dc"}}
{"__type":"$$EventMessageConfirm","confirm":"9536ed14-48fb-431a-bb10-62c9991414fe","ts":"2025-09-15T19:14:05.539-04:00","source":{"id":"0","name":"eventBus"}}
{"__type":"$$EventMessageWorkflow","id":"920a3315-dea5-4a61-ae22-fa0136173e8c","ts":"2025-09-15T19:14:05.539-04:00","eventName":"n8n.workflow.success","message":"n8n.workflow.success","payload":{"executionId":"562","success":true,"isManual":false,"workflowId":"FIZaLDdavjlPVhAA","workflowName":"v1"}}
{"__type":"$$EventMessageConfirm","confirm":"920a3315-dea5-4a61-ae22-fa0136173e8c","ts":"2025-09-15T19:14:05.539-04:00","source":{"id":"0","name":"eventBus"}}
{"__type":"$$EventMessageWorkflow","id":"34a1852b-7a10-4db4-bad2-2a1a7cbec253","ts":"2025-09-22T06:39:25.860-04:00","eventName":"n8n.workflow.started","message":"n8n.workflow.started","payload":{"executionId":"563","workflowId":"FIZaLDdavjlPVhAA","isManual":false,"workflowName":"v1"}}
{"__type":"$$EventMessageConfirm","confirm":"34a1852b-7a10-4db4-bad2-2a1a7cbec253","ts":"2025-09-22T06:39:25.861-04:00","source":{"id":"0","name":"eventBus"}}
{"__type":"$$EventMessageNode","id":"09c5d734-bb01-4775-9ca4-c712476c6526","ts":"2025-09-22T06:39:25.861-04:00","eventName":"n8n.node.started","message":"n8n.node.started","payload":{"workflowId":"FIZaLDdavjlPVhAA","workflowName":"v1","executionId":"563","nodeType":"n8n-nodes-base.webhook","nodeName":"Webhook","nodeId":"9b1233bc-11a0-4f12-8222-9e078c62864e"}}
{"__type":"$$EventMessageConfirm","confirm":"09c5d734-bb01-4775-9ca4-c712476c6526","ts":"2025-09-22T06:39:25.861-04:00","source":{"id":"0","name":"eventBus"}}
{"__type":"$$EventMessageNode","id":"d48e3560-1513-46e5-bccb-5362bfe2965a","ts":"2025-09-22T06:39:25.862-04:00","eventName":"n8n.node.finished","message":"n8n.node.finished","payload":{"workflowId":"FIZaLDdavjlPVhAA","workflowName":"v1","executionId":"563","nodeType":"n8n-nodes-base.webhook","nodeName":"Webhook","nodeId":"9b1233bc-11a0-4f12-8222-9e078c62864e"}}
{"__type":"$$EventMessageConfirm","confirm":"d48e3560-1513-46e5-bccb-5362bfe2965a","ts":"2025-09-22T06:39:25.862-04:00","source":{"id":"0","name":"eventBus"}}
{"__type":"$$EventMessageNode","id":"5cd7350d-2802-4b00-8a22-7b5cb65f2feb","ts":"2025-09-22T06:39:25.862-04:00","eventName":"n8n.node.started","message":"n8n.node.started","payload":{"workflowId":"FIZaLDdavjlPVhAA","workflowName":"v1","executionId":"563","nodeType":"n8n-nodes-base.code","nodeName":"request","nodeId":"6d785ddf-ed34-4474-aea1-7462a702964a"}}
{"__type":"$$EventMessageConfirm","confirm":"5cd7350d-2802-4b00-8a22-7b5cb65f2feb","ts":"2025-09-22T06:39:25.862-04:00","source":{"id":"0","name":"eventBus"}}
{"__type":"$$EventMessageRunner","id":"570709cb-51af-423c-9ad0-c0ca9862986e","ts":"2025-09-22T06:39:25.864-04:00","eventName":"n8n.runner.task.requested","message":"n8n.runner.task.requested","payload":{"taskId":"mgrXw9CE","nodeId":"6d785ddf-ed34-4474-aea1-7462a702964a","workflowId":"FIZaLDdavjlPVhAA","executionId":"563"}}
{"__type":"$$EventMessageConfirm","confirm":"570709cb-51af-423c-9ad0-c0ca9862986e","ts":"2025-09-22T06:39:25.864-04:00","source":{"id":"0","name":"eventBus"}}
{"__type":"$$EventMessageRunner","id":"f407d893-563b-49cd-a99d-0de6db7d9a50","ts":"2025-09-22T06:39:25.874-04:00","eventName":"n8n.runner.response.received","message":"n8n.runner.response.received","payload":{"taskId":"mgrXw9CE","nodeId":"6d785ddf-ed34-4474-aea1-7462a702964a","workflowId":"FIZaLDdavjlPVhAA","executionId":"563"}}
{"__type":"$$EventMessageConfirm","confirm":"f407d893-563b-49cd-a99d-0de6db7d9a50","ts":"2025-09-22T06:39:25.874-04:00","source":{"id":"0","name":"eventBus"}}
{"__type":"$$EventMessageNode","id":"dfbb8ad1-1cac-4d9e-8cb2-fa76d5ea7a93","ts":"2025-09-22T06:39:25.875-04:00","eventName":"n8n.node.finished","message":"n8n.node.finished","payload":{"workflowId":"FIZaLDdavjlPVhAA","workflowName":"v1","executionId":"563","nodeType":"n8n-nodes-base.code","nodeName":"request","nodeId":"6d785ddf-ed34-4474-aea1-7462a702964a"}}
{"__type":"$$EventMessageConfirm","confirm":"dfbb8ad1-1cac-4d9e-8cb2-fa76d5ea7a93","ts":"2025-09-22T06:39:25.875-04:00","source":{"id":"0","name":"eventBus"}}
{"__type":"$$EventMessageNode","id":"0d32897c-10d7-4278-a428-a85094936de8","ts":"2025-09-22T06:39:25.875-04:00","eventName":"n8n.node.started","message":"n8n.node.started","payload":{"workflowId":"FIZaLDdavjlPVhAA","workflowName":"v1","executionId":"563","nodeType":"n8n-nodes-base.switch","nodeName":"Switch","nodeId":"120371d5-1290-4406-88f5-9cbbeeb19947"}}
{"__type":"$$EventMessageConfirm","confirm":"0d32897c-10d7-4278-a428-a85094936de8","ts":"2025-09-22T06:39:25.875-04:00","source":{"id":"0","name":"eventBus"}}
{"__type":"$$EventMessageNode","id":"b359ffbd-82c1-48a7-8e10-0c95be1ecfe5","ts":"2025-09-22T06:39:25.877-04:00","eventName":"n8n.node.finished","message":"n8n.node.finished","payload":{"workflowId":"FIZaLDdavjlPVhAA","workflowName":"v1","executionId":"563","nodeType":"n8n-nodes-base.switch","nodeName":"Switch","nodeId":"120371d5-1290-4406-88f5-9cbbeeb19947"}}
{"__type":"$$EventMessageConfirm","confirm":"b359ffbd-82c1-48a7-8e10-0c95be1ecfe5","ts":"2025-09-22T06:39:25.877-04:00","source":{"id":"0","name":"eventBus"}}
{"__type":"$$EventMessageNode","id":"6d377d72-9959-499c-8a08-5b369b268853","ts":"2025-09-22T06:39:25.877-04:00","eventName":"n8n.node.started","message":"n8n.node.started","payload":{"workflowId":"FIZaLDdavjlPVhAA","workflowName":"v1","executionId":"563","nodeType":"n8n-nodes-base.code","nodeName":"Encode project path","nodeId":"7383562a-7f72-42b6-aff8-9fa13cc25637"}}
{"__type":"$$EventMessageConfirm","confirm":"6d377d72-9959-499c-8a08-5b369b268853","ts":"2025-09-22T06:39:25.877-04:00","source":{"id":"0","name":"eventBus"}}
{"__type":"$$EventMessageRunner","id":"02806f2d-a349-4e7b-91ee-988139a6b2e4","ts":"2025-09-22T06:39:25.878-04:00","eventName":"n8n.runner.task.requested","message":"n8n.runner.task.requested","payload":{"taskId":"LW9SWs8f","nodeId":"7383562a-7f72-42b6-aff8-9fa13cc25637","workflowId":"FIZaLDdavjlPVhAA","executionId":"563"}}
{"__type":"$$EventMessageConfirm","confirm":"02806f2d-a349-4e7b-91ee-988139a6b2e4","ts":"2025-09-22T06:39:25.878-04:00","source":{"id":"0","name":"eventBus"}}
{"__type":"$$EventMessageRunner","id":"0a5f1731-8351-46d7-927c-96667730be4a","ts":"2025-09-22T06:39:25.883-04:00","eventName":"n8n.runner.response.received","message":"n8n.runner.response.received","payload":{"taskId":"LW9SWs8f","nodeId":"7383562a-7f72-42b6-aff8-9fa13cc25637","workflowId":"FIZaLDdavjlPVhAA","executionId":"563"}}
{"__type":"$$EventMessageConfirm","confirm":"0a5f1731-8351-46d7-927c-96667730be4a","ts":"2025-09-22T06:39:25.883-04:00","source":{"id":"0","name":"eventBus"}}
{"__type":"$$EventMessageNode","id":"5c455287-244f-4c98-8a99-58f5fc463edd","ts":"2025-09-22T06:39:25.883-04:00","eventName":"n8n.node.finished","message":"n8n.node.finished","payload":{"workflowId":"FIZaLDdavjlPVhAA","workflowName":"v1","executionId":"563","nodeType":"n8n-nodes-base.code","nodeName":"Encode project path","nodeId":"7383562a-7f72-42b6-aff8-9fa13cc25637"}}
{"__type":"$$EventMessageConfirm","confirm":"5c455287-244f-4c98-8a99-58f5fc463edd","ts":"2025-09-22T06:39:25.883-04:00","source":{"id":"0","name":"eventBus"}}
{"__type":"$$EventMessageNode","id":"d2ad98fd-0851-4908-a69c-781f8836ac09","ts":"2025-09-22T06:39:25.883-04:00","eventName":"n8n.node.started","message":"n8n.node.started","payload":{"workflowId":"FIZaLDdavjlPVhAA","workflowName":"v1","executionId":"563","nodeType":"n8n-nodes-base.httpRequest","nodeName":"Get changes from Gitlab","nodeId":"9a894afb-2b61-410f-af60-cfdd898468be"}}
{"__type":"$$EventMessageConfirm","confirm":"d2ad98fd-0851-4908-a69c-781f8836ac09","ts":"2025-09-22T06:39:25.883-04:00","source":{"id":"0","name":"eventBus"}}
{"__type":"$$EventMessageAudit","id":"5f690c04-1850-4dbf-934e-babdd74d8271","ts":"2025-09-22T06:39:37.822-04:00","eventName":"n8n.audit.user.login.success","message":"n8n.audit.user.login.success","payload":{"userId":"3d6e646a-39b3-46a3-a021-73d6b8e6b050","_email":"ariana.maghsoudi82@gmail.com","_firstName":"Ariana","_lastName":"Maghsoudi","globalRole":"global:owner","authenticationMethod":"email"}}
{"__type":"$$EventMessageConfirm","confirm":"5f690c04-1850-4dbf-934e-babdd74d8271","ts":"2025-09-22T06:39:37.822-04:00","source":{"id":"0","name":"eventBus"}}
{"__type":"$$EventMessageWorkflow","id":"ad70aa38-b639-469f-8172-09fa20e67bb9","ts":"2025-09-22T06:40:09.777-04:00","eventName":"n8n.workflow.failed","message":"n8n.workflow.failed","payload":{"executionId":"563","success":false,"isManual":false,"workflowId":"FIZaLDdavjlPVhAA","workflowName":"v1","lastNodeExecuted":"Encode project path"}}
{"__type":"$$EventMessageConfirm","confirm":"ad70aa38-b639-469f-8172-09fa20e67bb9","ts":"2025-09-22T06:40:09.778-04:00","source":{"id":"0","name":"eventBus"}}
{"__type":"$$EventMessageWorkflow","id":"4c3a1b8f-08fb-4c01-8f43-39c6e240c28c","ts":"2025-09-22T06:40:16.830-04:00","eventName":"n8n.workflow.started","message":"n8n.workflow.started","payload":{"executionId":"564","workflowId":"FIZaLDdavjlPVhAA","isManual":false,"workflowName":"v1"}}
{"__type":"$$EventMessageConfirm","confirm":"4c3a1b8f-08fb-4c01-8f43-39c6e240c28c","ts":"2025-09-22T06:40:16.830-04:00","source":{"id":"0","name":"eventBus"}}
{"__type":"$$EventMessageNode","id":"4245c2e3-bc95-4703-aa27-11979f9af9a0","ts":"2025-09-22T06:40:16.830-04:00","eventName":"n8n.node.started","message":"n8n.node.started","payload":{"workflowId":"FIZaLDdavjlPVhAA","workflowName":"v1","executionId":"564","nodeType":"n8n-nodes-base.webhook","nodeName":"Webhook","nodeId":"9b1233bc-11a0-4f12-8222-9e078c62864e"}}
{"__type":"$$EventMessageConfirm","confirm":"4245c2e3-bc95-4703-aa27-11979f9af9a0","ts":"2025-09-22T06:40:16.831-04:00","source":{"id":"0","name":"eventBus"}}
{"__type":"$$EventMessageNode","id":"998ffe8d-e658-4df7-8c81-ebd9d70bde7c","ts":"2025-09-22T06:40:16.831-04:00","eventName":"n8n.node.finished","message":"n8n.node.finished","payload":{"workflowId":"FIZaLDdavjlPVhAA","workflowName":"v1","executionId":"564","nodeType":"n8n-nodes-base.webhook","nodeName":"Webhook","nodeId":"9b1233bc-11a0-4f12-8222-9e078c62864e"}}
{"__type":"$$EventMessageConfirm","confirm":"998ffe8d-e658-4df7-8c81-ebd9d70bde7c","ts":"2025-09-22T06:40:16.831-04:00","source":{"id":"0","name":"eventBus"}}
{"__type":"$$EventMessageNode","id":"7638cad4-9b62-419c-9892-6223a5d164e6","ts":"2025-09-22T06:40:16.831-04:00","eventName":"n8n.node.started","message":"n8n.node.started","payload":{"workflowId":"FIZaLDdavjlPVhAA","workflowName":"v1","executionId":"564","nodeType":"n8n-nodes-base.code","nodeName":"request","nodeId":"6d785ddf-ed34-4474-aea1-7462a702964a"}}
{"__type":"$$EventMessageConfirm","confirm":"7638cad4-9b62-419c-9892-6223a5d164e6","ts":"2025-09-22T06:40:16.831-04:00","source":{"id":"0","name":"eventBus"}}
{"__type":"$$EventMessageRunner","id":"a3229adb-c591-4e08-8f10-77bbe444d624","ts":"2025-09-22T06:40:16.832-04:00","eventName":"n8n.runner.task.requested","message":"n8n.runner.task.requested","payload":{"taskId":"mLDDd5aR","nodeId":"6d785ddf-ed34-4474-aea1-7462a702964a","workflowId":"FIZaLDdavjlPVhAA","executionId":"564"}}
{"__type":"$$EventMessageConfirm","confirm":"a3229adb-c591-4e08-8f10-77bbe444d624","ts":"2025-09-22T06:40:16.833-04:00","source":{"id":"0","name":"eventBus"}}
{"__type":"$$EventMessageRunner","id":"ee97e70b-bb67-405e-9c39-bb77fa256f39","ts":"2025-09-22T06:40:16.839-04:00","eventName":"n8n.runner.response.received","message":"n8n.runner.response.received","payload":{"taskId":"mLDDd5aR","nodeId":"6d785ddf-ed34-4474-aea1-7462a702964a","workflowId":"FIZaLDdavjlPVhAA","executionId":"564"}}
{"__type":"$$EventMessageConfirm","confirm":"ee97e70b-bb67-405e-9c39-bb77fa256f39","ts":"2025-09-22T06:40:16.839-04:00","source":{"id":"0","name":"eventBus"}}
{"__type":"$$EventMessageNode","id":"3876c901-6d6b-47e7-be65-742b540029d7","ts":"2025-09-22T06:40:16.839-04:00","eventName":"n8n.node.finished","message":"n8n.node.finished","payload":{"workflowId":"FIZaLDdavjlPVhAA","workflowName":"v1","executionId":"564","nodeType":"n8n-nodes-base.code","nodeName":"request","nodeId":"6d785ddf-ed34-4474-aea1-7462a702964a"}}
{"__type":"$$EventMessageConfirm","confirm":"3876c901-6d6b-47e7-be65-742b540029d7","ts":"2025-09-22T06:40:16.839-04:00","source":{"id":"0","name":"eventBus"}}
{"__type":"$$EventMessageNode","id":"90070d03-7cdd-47fd-933c-161b598e68fe","ts":"2025-09-22T06:40:16.839-04:00","eventName":"n8n.node.started","message":"n8n.node.started","payload":{"workflowId":"FIZaLDdavjlPVhAA","workflowName":"v1","executionId":"564","nodeType":"n8n-nodes-base.switch","nodeName":"Switch","nodeId":"120371d5-1290-4406-88f5-9cbbeeb19947"}}
{"__type":"$$EventMessageConfirm","confirm":"90070d03-7cdd-47fd-933c-161b598e68fe","ts":"2025-09-22T06:40:16.839-04:00","source":{"id":"0","name":"eventBus"}}
{"__type":"$$EventMessageNode","id":"448f5213-6244-4a87-b95b-e781c13d7247","ts":"2025-09-22T06:40:16.843-04:00","eventName":"n8n.node.finished","message":"n8n.node.finished","payload":{"workflowId":"FIZaLDdavjlPVhAA","workflowName":"v1","executionId":"564","nodeType":"n8n-nodes-base.switch","nodeName":"Switch","nodeId":"120371d5-1290-4406-88f5-9cbbeeb19947"}}
{"__type":"$$EventMessageConfirm","confirm":"448f5213-6244-4a87-b95b-e781c13d7247","ts":"2025-09-22T06:40:16.844-04:00","source":{"id":"0","name":"eventBus"}}
{"__type":"$$EventMessageNode","id":"50460a4d-7589-4f89-bdc7-5ed63fc3f4fd","ts":"2025-09-22T06:40:16.844-04:00","eventName":"n8n.node.started","message":"n8n.node.started","payload":{"workflowId":"FIZaLDdavjlPVhAA","workflowName":"v1","executionId":"564","nodeType":"n8n-nodes-base.code","nodeName":"Encode project path","nodeId":"7383562a-7f72-42b6-aff8-9fa13cc25637"}}
{"__type":"$$EventMessageConfirm","confirm":"50460a4d-7589-4f89-bdc7-5ed63fc3f4fd","ts":"2025-09-22T06:40:16.844-04:00","source":{"id":"0","name":"eventBus"}}
{"__type":"$$EventMessageRunner","id":"adbb9d39-35e1-4497-8755-3559e5d02bd8","ts":"2025-09-22T06:40:16.844-04:00","eventName":"n8n.runner.task.requested","message":"n8n.runner.task.requested","payload":{"taskId":"cNAy0l79","nodeId":"7383562a-7f72-42b6-aff8-9fa13cc25637","workflowId":"FIZaLDdavjlPVhAA","executionId":"564"}}
{"__type":"$$EventMessageConfirm","confirm":"adbb9d39-35e1-4497-8755-3559e5d02bd8","ts":"2025-09-22T06:40:16.845-04:00","source":{"id":"0","name":"eventBus"}}
{"__type":"$$EventMessageRunner","id":"4dcf8964-f289-49d6-8f8d-a8b53acdcf3b","ts":"2025-09-22T06:40:16.849-04:00","eventName":"n8n.runner.response.received","message":"n8n.runner.response.received","payload":{"taskId":"cNAy0l79","nodeId":"7383562a-7f72-42b6-aff8-9fa13cc25637","workflowId":"FIZaLDdavjlPVhAA","executionId":"564"}}
{"__type":"$$EventMessageConfirm","confirm":"4dcf8964-f289-49d6-8f8d-a8b53acdcf3b","ts":"2025-09-22T06:40:16.849-04:00","source":{"id":"0","name":"eventBus"}}
{"__type":"$$EventMessageNode","id":"ecbff345-db70-4131-9660-8a21f38acd39","ts":"2025-09-22T06:40:16.849-04:00","eventName":"n8n.node.finished","message":"n8n.node.finished","payload":{"workflowId":"FIZaLDdavjlPVhAA","workflowName":"v1","executionId":"564","nodeType":"n8n-nodes-base.code","nodeName":"Encode project path","nodeId":"7383562a-7f72-42b6-aff8-9fa13cc25637"}}
{"__type":"$$EventMessageConfirm","confirm":"ecbff345-db70-4131-9660-8a21f38acd39","ts":"2025-09-22T06:40:16.849-04:00","source":{"id":"0","name":"eventBus"}}
{"__type":"$$EventMessageNode","id":"c3e92970-569f-4a10-bcaf-cdaf5e7a05dc","ts":"2025-09-22T06:40:16.849-04:00","eventName":"n8n.node.started","message":"n8n.node.started","payload":{"workflowId":"FIZaLDdavjlPVhAA","workflowName":"v1","executionId":"564","nodeType":"n8n-nodes-base.httpRequest","nodeName":"Get changes from Gitlab","nodeId":"9a894afb-2b61-410f-af60-cfdd898468be"}}
{"__type":"$$EventMessageConfirm","confirm":"c3e92970-569f-4a10-bcaf-cdaf5e7a05dc","ts":"2025-09-22T06:40:16.849-04:00","source":{"id":"0","name":"eventBus"}}
